Using pre-set license
Built from '2022.3/staging' branch; Version is '2022.3.8f1 (b5eafc012955) revision 11922172'; Using compiler version '192829333'; Build Type 'Release'
OS: 'Windows 11  (10.0.22621) 64bit Core' Language: 'en' Physical Memory: 15557 MB
BatchMode: 1, IsHumanControllingUs: 0, StartBugReporterOnCrash: 0, Is64bit: 1, IsPro: 1

COMMAND LINE ARGUMENTS:
C:\Program Files\Unity\Hub\Editor\2022.3.8f1\Editor\Unity.exe
-adb2
-batchMode
-noUpm
-name
AssetImportWorker0
-projectPath
C:/Users/Pedro/Documents/Unity Projects/Mini Jame Gam #21/MiniJameGam-21
-logFile
Logs/AssetImportWorker0.log
-srvPort
51923
Successfully changed project path to: C:/Users/Pedro/Documents/Unity Projects/Mini Jame Gam #21/MiniJameGam-21
C:/Users/Pedro/Documents/Unity Projects/Mini Jame Gam #21/MiniJameGam-21
[UnityMemory] Configuration Parameters - Can be set up in boot.config
    "memorysetup-bucket-allocator-granularity=16"
    "memorysetup-bucket-allocator-bucket-count=8"
    "memorysetup-bucket-allocator-block-size=33554432"
    "memorysetup-bucket-allocator-block-count=8"
    "memorysetup-main-allocator-block-size=16777216"
    "memorysetup-thread-allocator-block-size=16777216"
    "memorysetup-gfx-main-allocator-block-size=16777216"
    "memorysetup-gfx-thread-allocator-block-size=16777216"
    "memorysetup-cache-allocator-block-size=4194304"
    "memorysetup-typetree-allocator-block-size=2097152"
    "memorysetup-profiler-bucket-allocator-granularity=16"
    "memorysetup-profiler-bucket-allocator-bucket-count=8"
    "memorysetup-profiler-bucket-allocator-block-size=33554432"
    "memorysetup-profiler-bucket-allocator-block-count=8"
    "memorysetup-profiler-allocator-block-size=16777216"
    "memorysetup-profiler-editor-allocator-block-size=1048576"
    "memorysetup-temp-allocator-size-main=16777216"
    "memorysetup-job-temp-allocator-block-size=2097152"
    "memorysetup-job-temp-allocator-block-size-background=1048576"
    "memorysetup-job-temp-allocator-reduction-small-platforms=262144"
    "memorysetup-allocator-temp-initial-block-size-main=262144"
    "memorysetup-allocator-temp-initial-block-size-worker=262144"
    "memorysetup-temp-allocator-size-background-worker=32768"
    "memorysetup-temp-allocator-size-job-worker=262144"
    "memorysetup-temp-allocator-size-preload-manager=33554432"
    "memorysetup-temp-allocator-size-nav-mesh-worker=65536"
    "memorysetup-temp-allocator-size-audio-worker=65536"
    "memorysetup-temp-allocator-size-cloud-worker=32768"
    "memorysetup-temp-allocator-size-gi-baking-worker=262144"
    "memorysetup-temp-allocator-size-gfx=262144"
Player connection [12852] Host "[IP] 192.168.1.44 [Port] 0 [Flags] 2 [Guid] 655370487 [EditorId] 655370487 [Version] 1048832 [Id] WindowsEditor(7,TURING_MACHINE) [Debug] 1 [PackageName] WindowsEditor [ProjectName] Editor" joined multi-casting on [225.0.0.222:54997]...

Player connection [12852] Host "[IP] 192.168.1.44 [Port] 0 [Flags] 2 [Guid] 655370487 [EditorId] 655370487 [Version] 1048832 [Id] WindowsEditor(7,TURING_MACHINE) [Debug] 1 [PackageName] WindowsEditor [ProjectName] Editor" joined alternative multi-casting on [225.0.0.222:34997]...

[Physics::Module] Initialized MultithreadedJobDispatcher with 15 workers.
Refreshing native plugins compatible for Editor in 7.04 ms, found 3 plugins.
Preloading 0 native plugins for Editor in 0.00 ms.
Initialize engine version: 2022.3.8f1 (b5eafc012955)
[Subsystems] Discovering subsystems at path C:/Program Files/Unity/Hub/Editor/2022.3.8f1/Editor/Data/Resources/UnitySubsystems
[Subsystems] Discovering subsystems at path C:/Users/Pedro/Documents/Unity Projects/Mini Jame Gam #21/MiniJameGam-21/Assets
GfxDevice: creating device client; threaded=0; jobified=0
Direct3D:
    Version:  Direct3D 11.0 [level 11.1]
    Renderer: NVIDIA GeForce RTX 3070 Ti Laptop GPU (ID=0x24a0)
    Vendor:   NVIDIA
    VRAM:     8032 MB
    Driver:   31.0.15.3667
Initialize mono
Mono path[0] = 'C:/Program Files/Unity/Hub/Editor/2022.3.8f1/Editor/Data/Managed'
Mono path[1] = 'C:/Program Files/Unity/Hub/Editor/2022.3.8f1/Editor/Data/MonoBleedingEdge/lib/mono/unityjit-win32'
Mono config path = 'C:/Program Files/Unity/Hub/Editor/2022.3.8f1/Editor/Data/MonoBleedingEdge/etc'
Using monoOptions --debugger-agent=transport=dt_socket,embedding=1,server=y,suspend=n,address=127.0.0.1:56472
Begin MonoManager ReloadAssembly
Registering precompiled unity dll's ...
Register platform support module: C:/Program Files/Unity/Hub/Editor/2022.3.8f1/Editor/Data/PlaybackEngines/WebGLSupport/UnityEditor.WebGL.Extensions.dll
Register platform support module: C:/Program Files/Unity/Hub/Editor/2022.3.8f1/Editor/Data/PlaybackEngines/AndroidPlayer/UnityEditor.Android.Extensions.dll
Register platform support module: C:/Program Files/Unity/Hub/Editor/2022.3.8f1/Editor/Data/PlaybackEngines/WindowsStandaloneSupport/UnityEditor.WindowsStandalone.Extensions.dll
Registered in 0.009450 seconds.
- Loaded All Assemblies, in  0.292 seconds
Native extension for WindowsStandalone target not found
Native extension for Android target not found
Android Extension - Scanning For ADB Devices 251 ms
Native extension for WebGL target not found
Mono: successfully reloaded assembly
- Finished resetting the current domain, in  0.521 seconds
Domain Reload Profiling: 811ms
	BeginReloadAssembly (87ms)
		ExecutionOrderSort (0ms)
		DisableScriptedObjects (0ms)
		BackupInstance (0ms)
		ReleaseScriptingObjects (0ms)
		CreateAndSetChildDomain (1ms)
	RebuildCommonClasses (27ms)
	RebuildNativeTypeToScriptingClass (8ms)
	initialDomainReloadingComplete (51ms)
	LoadAllAssembliesAndSetupDomain (117ms)
		LoadAssemblies (85ms)
		RebuildTransferFunctionScriptingTraits (0ms)
		AnalyzeDomain (115ms)
			TypeCache.Refresh (114ms)
				TypeCache.ScanAssembly (102ms)
			ScanForSourceGeneratedMonoScriptInfo (0ms)
			ResolveRequiredComponents (0ms)
	FinalizeReload (521ms)
		ReleaseScriptCaches (0ms)
		RebuildScriptCaches (0ms)
		SetupLoadedEditorAssemblies (475ms)
			LogAssemblyErrors (0ms)
			InitializePlatformSupportModulesInManaged (352ms)
			SetLoadedEditorAssemblies (3ms)
			RefreshPlugins (0ms)
			BeforeProcessingInitializeOnLoad (2ms)
			ProcessInitializeOnLoadAttributes (80ms)
			ProcessInitializeOnLoadMethodAttributes (38ms)
			AfterProcessingInitializeOnLoad (0ms)
			EditorAssembliesLoaded (0ms)
		ExecutionOrderSort2 (0ms)
		AwakeInstancesAfterBackupRestoration (0ms)
========================================================================
Worker process is ready to serve import requests
Begin MonoManager ReloadAssembly
- Loaded All Assemblies, in  0.538 seconds
Refreshing native plugins compatible for Editor in 3.03 ms, found 3 plugins.
Native extension for WindowsStandalone target not found
Native extension for Android target not found
Native extension for WebGL target not found
Package Manager log level set to [2]
[Package Manager] Server::EnsureServerProcessIsRunning -- launch failed, reason: Unity was launched with the -noUpm command-line argument
[Package Manager] UpmClient::Send -- Unable to send message (not connected to UPM process).
[Package Manager] Cannot connect to Unity Package Manager local server
Mono: successfully reloaded assembly
- Finished resetting the current domain, in  0.503 seconds
Domain Reload Profiling: 1038ms
	BeginReloadAssembly (127ms)
		ExecutionOrderSort (0ms)
		DisableScriptedObjects (5ms)
		BackupInstance (0ms)
		ReleaseScriptingObjects (0ms)
		CreateAndSetChildDomain (23ms)
	RebuildCommonClasses (27ms)
	RebuildNativeTypeToScriptingClass (8ms)
	initialDomainReloadingComplete (35ms)
	LoadAllAssembliesAndSetupDomain (338ms)
		LoadAssemblies (250ms)
		RebuildTransferFunctionScriptingTraits (0ms)
		AnalyzeDomain (158ms)
			TypeCache.Refresh (142ms)
				TypeCache.ScanAssembly (129ms)
			ScanForSourceGeneratedMonoScriptInfo (12ms)
			ResolveRequiredComponents (3ms)
	FinalizeReload (503ms)
		ReleaseScriptCaches (0ms)
		RebuildScriptCaches (0ms)
		SetupLoadedEditorAssemblies (369ms)
			LogAssemblyErrors (0ms)
			InitializePlatformSupportModulesInManaged (22ms)
			SetLoadedEditorAssemblies (2ms)
			RefreshPlugins (0ms)
			BeforeProcessingInitializeOnLoad (54ms)
			ProcessInitializeOnLoadAttributes (268ms)
			ProcessInitializeOnLoadMethodAttributes (16ms)
			AfterProcessingInitializeOnLoad (6ms)
			EditorAssembliesLoaded (0ms)
		ExecutionOrderSort2 (0ms)
		AwakeInstancesAfterBackupRestoration (6ms)
Launched and connected shader compiler UnityShaderCompiler.exe after 0.04 seconds
Refreshing native plugins compatible for Editor in 3.15 ms, found 3 plugins.
Preloading 0 native plugins for Editor in 0.00 ms.
Unloading 3483 Unused Serialized files (Serialized files now loaded: 0)
Unloading 38 unused Assets / (56.9 KB). Loaded Objects now: 3950.
Memory consumption went from 131.7 MB to 131.7 MB.
Total: 3.176300 ms (FindLiveObjects: 0.249300 ms CreateObjectMapping: 0.184700 ms MarkObjects: 2.625800 ms  DeleteObjects: 0.115500 ms)

AssetImportParameters requested are different than current active one (requested -> active):
  custom:container-demuxer-ogg: 62fdf1f143b41e24485cea50d1cbac27 -> 
  custom:video-decoder-ogg-theora: a1e56fd34408186e4bbccfd4996cb3dc -> 
  custom:framework-win-MediaFoundation: 216162199b28c13a410421893ffa2e32 -> 
  custom:CustomObjectIndexerAttribute: 756ad292c208cfabdd7b50bc23989ffe -> 
  custom:container-demuxer-webm: 4f35f7cbe854078d1ac9338744f61a02 -> 
  custom:container-muxer-webm: aa71ff27fc2769a1b78a27578f13a17b -> 
  custom:video-decoder-webm-vp8: 9c59270c3fd7afecdb556c50c9e8de78 -> 
  custom:SearchIndexIgnoredProperties: e643bd26f0fe6173181afceb89e7c659 -> 
  custom:AudioImporter_EditorPlatform: d09bf68614088b80899f8185d706f6e7 -> 
  custom:video-encoder-webm-vp8: eb34c28f22e8b96e1ab97ce403110664 -> 
  custom:audio-decoder-ogg-vorbis: bf7c407c2cedff20999df2af8eb42d56 -> 
  custom:audio-encoder-webm-vorbis: bf7c407c2cedff20999df2af8eb42d56 -> 
========================================================================
Received Import Request.
  Time since last request: 969611.940867 seconds.
  path: Assets/Scenes/New Scene.unity
  artifactKey: Guid(dea3dfb23aff6774ca7df7c16c945f1c) Importer(815301076,1909f56bfc062723c751e8b465ee728b)
Start importing Assets/Scenes/New Scene.unity using Guid(dea3dfb23aff6774ca7df7c16c945f1c) Importer(815301076,1909f56bfc062723c751e8b465ee728b)  -> (artifact id: 'ce1a336cc6c8847d1832701ab694b280') in 0.022248 seconds
Number of updated asset objects reloaded before import = 0
Number of asset objects unloaded after import = 0
========================================================================
Received Import Request.
  Time since last request: 61.425122 seconds.
  path: Assets/Models/device (1) 1.fbx
  artifactKey: Guid(77b92933522826b4092a7366b92da401) Importer(815301076,1909f56bfc062723c751e8b465ee728b)
Start importing Assets/Models/device (1) 1.fbx using Guid(77b92933522826b4092a7366b92da401) Importer(815301076,1909f56bfc062723c751e8b465ee728b)  -> (artifact id: '2b442cc7e47fb9c92239fd4e62e58359') in 0.115293 seconds
Number of updated asset objects reloaded before import = 0
Number of asset objects unloaded after import = 25
========================================================================
Received Import Request.
  Time since last request: 22.313701 seconds.
  path: Assets/Models/device (1) 1.fbx
  artifactKey: Guid(77b92933522826b4092a7366b92da401) Importer(815301076,1909f56bfc062723c751e8b465ee728b)
Start importing Assets/Models/device (1) 1.fbx using Guid(77b92933522826b4092a7366b92da401) Importer(815301076,1909f56bfc062723c751e8b465ee728b)  -> (artifact id: '8ea0e6b5c46621598b6427c92bbdd0c1') in 0.058548 seconds
Number of updated asset objects reloaded before import = 0
Number of asset objects unloaded after import = 25
========================================================================
Received Import Request.
  Time since last request: 35.443540 seconds.
  path: Assets/Prefabs/device (1) 1.prefab
  artifactKey: Guid(6f9867af339875642ac8eb3dc90ead7d) Importer(815301076,1909f56bfc062723c751e8b465ee728b)
Start importing Assets/Prefabs/device (1) 1.prefab using Guid(6f9867af339875642ac8eb3dc90ead7d) Importer(815301076,1909f56bfc062723c751e8b465ee728b)  -> (artifact id: 'd0889890c103583e3224f33e99035d99') in 0.013170 seconds
Number of updated asset objects reloaded before import = 0
Number of asset objects unloaded after import = 39
========================================================================
Received Import Request.
  Time since last request: 236.902650 seconds.
  path: Assets/Models/props (7).fbx
  artifactKey: Guid(38f14172466919f4d81be35e6859943a) Importer(815301076,1909f56bfc062723c751e8b465ee728b)
Start importing Assets/Models/props (7).fbx using Guid(38f14172466919f4d81be35e6859943a) Importer(815301076,1909f56bfc062723c751e8b465ee728b)  -> (artifact id: 'e3e7931811b571dfe3bcddd800023049') in 0.113549 seconds
Number of updated asset objects reloaded before import = 0
Number of asset objects unloaded after import = 322
========================================================================
Received Import Request.
  Time since last request: 112.909748 seconds.
  path: Assets/Prefabs/Scenario/cave.prefab
  artifactKey: Guid(b8da99683dfa76c4fb4de1e39802bf10) Importer(815301076,1909f56bfc062723c751e8b465ee728b)
Start importing Assets/Prefabs/Scenario/cave.prefab using Guid(b8da99683dfa76c4fb4de1e39802bf10) Importer(815301076,1909f56bfc062723c751e8b465ee728b)  -> (artifact id: 'b2f2455a2f367ef97ba941f83067e19d') in 0.019858 seconds
Number of updated asset objects reloaded before import = 0
Number of asset objects unloaded after import = 57
========================================================================
Received Import Request.
  Time since last request: 2.539017 seconds.
  path: Assets/Prefabs/Scenario/cave.001.prefab
  artifactKey: Guid(bf776fef33d05aa4a989579d6b637db3) Importer(815301076,1909f56bfc062723c751e8b465ee728b)
Start importing Assets/Prefabs/Scenario/cave.001.prefab using Guid(bf776fef33d05aa4a989579d6b637db3) Importer(815301076,1909f56bfc062723c751e8b465ee728b)  -> (artifact id: '7325e4305eb75ad5815cd238f934ba81') in 0.012058 seconds
Number of updated asset objects reloaded before import = 0
Number of asset objects unloaded after import = 57
========================================================================
Received Import Request.
  Time since last request: 2.304118 seconds.
  path: Assets/Prefabs/Scenario/Shed.prefab
  artifactKey: Guid(c16975835bf05d14596672a79b97be49) Importer(815301076,1909f56bfc062723c751e8b465ee728b)
Start importing Assets/Prefabs/Scenario/Shed.prefab using Guid(c16975835bf05d14596672a79b97be49) Importer(815301076,1909f56bfc062723c751e8b465ee728b)  -> (artifact id: '277fea2e636e8fda7df00180c49d1f0b') in 0.014198 seconds
Number of updated asset objects reloaded before import = 0
Number of asset objects unloaded after import = 57
========================================================================
Received Import Request.
  Time since last request: 1.969550 seconds.
  path: Assets/Prefabs/Scenario/Wall.prefab
  artifactKey: Guid(9510d80112ced0c4a922fbf5f6e49662) Importer(815301076,1909f56bfc062723c751e8b465ee728b)
Start importing Assets/Prefabs/Scenario/Wall.prefab using Guid(9510d80112ced0c4a922fbf5f6e49662) Importer(815301076,1909f56bfc062723c751e8b465ee728b)  -> (artifact id: 'f0c77dc68691cfee4258cf6a581a6b46') in 0.016719 seconds
Number of updated asset objects reloaded before import = 0
Number of asset objects unloaded after import = 57
========================================================================
Received Import Request.
  Time since last request: 2.009269 seconds.
  path: Assets/Prefabs/Scenario/Building 1.prefab
  artifactKey: Guid(6264ad7966b85ec4990f6ed2d75ef866) Importer(815301076,1909f56bfc062723c751e8b465ee728b)
Start importing Assets/Prefabs/Scenario/Building 1.prefab using Guid(6264ad7966b85ec4990f6ed2d75ef866) Importer(815301076,1909f56bfc062723c751e8b465ee728b)  -> (artifact id: 'c793bd1c693f93ec0bf1f8e0597778ec') in 0.012317 seconds
Number of updated asset objects reloaded before import = 0
Number of asset objects unloaded after import = 57
========================================================================
Received Import Request.
  Time since last request: 23.685796 seconds.
  path: Assets/Prefabs/Scenario/Floor 1.prefab
  artifactKey: Guid(5277fbf2a58c3364fb6c23ec4cc911c1) Importer(815301076,1909f56bfc062723c751e8b465ee728b)
Start importing Assets/Prefabs/Scenario/Floor 1.prefab using Guid(5277fbf2a58c3364fb6c23ec4cc911c1) Importer(815301076,1909f56bfc062723c751e8b465ee728b)  -> (artifact id: 'ce0cda3456ec97477d2ab572f0b9321b') in 0.008860 seconds
Number of updated asset objects reloaded before import = 0
Number of asset objects unloaded after import = 61
========================================================================
Received Import Request.
  Time since last request: 1.559117 seconds.
  path: Assets/Prefabs/Scenario/Stairs.prefab
  artifactKey: Guid(208a6513c1867ed428a58a5f1b6be7a4) Importer(815301076,1909f56bfc062723c751e8b465ee728b)
Start importing Assets/Prefabs/Scenario/Stairs.prefab using Guid(208a6513c1867ed428a58a5f1b6be7a4) Importer(815301076,1909f56bfc062723c751e8b465ee728b)  -> (artifact id: '50d558bacbcf32c7416626334a409af8') in 0.012498 seconds
Number of updated asset objects reloaded before import = 0
Number of asset objects unloaded after import = 57
========================================================================
Received Import Request.
  Time since last request: 5.316293 seconds.
  path: Assets/Prefabs/Scenario/Cave2.prefab
  artifactKey: Guid(bf776fef33d05aa4a989579d6b637db3) Importer(815301076,1909f56bfc062723c751e8b465ee728b)
Start importing Assets/Prefabs/Scenario/Cave2.prefab using Guid(bf776fef33d05aa4a989579d6b637db3) Importer(815301076,1909f56bfc062723c751e8b465ee728b)  -> (artifact id: '9caad2cb4ba6e1d02cce07fdd5157419') in 0.015460 seconds
Number of updated asset objects reloaded before import = 0
Number of asset objects unloaded after import = 57
========================================================================
Received Import Request.
  Time since last request: 4.524541 seconds.
  path: Assets/Prefabs/Scenario/Building2.prefab
  artifactKey: Guid(6264ad7966b85ec4990f6ed2d75ef866) Importer(815301076,1909f56bfc062723c751e8b465ee728b)
Start importing Assets/Prefabs/Scenario/Building2.prefab using Guid(6264ad7966b85ec4990f6ed2d75ef866) Importer(815301076,1909f56bfc062723c751e8b465ee728b)  -> (artifact id: '3d392a71adea26b456d62f3eb2732d6e') in 0.013318 seconds
Number of updated asset objects reloaded before import = 0
Number of asset objects unloaded after import = 57
